# JRE version: OpenJDK Runtime Environment (19.0.2+7) (build 19.0.2+7-44)
# Java VM: OpenJDK 64-Bit Server VM (19.0.2+7-44, mixed mode, sharing, tiered, compressed oops, compressed class ptrs, g1 gc, linux-amd64)
GC Precious Log:
 CardTable entry size: 512
 Card Set container configuration: InlinePtr #cards 5 size 8 Array Of Cards #cards 12 size 40 Howl #buckets 4 coarsen threshold 1843 Howl Bitmap #cards 512 size 80 coarsen threshold 460 Card regions per heap region 1 cards per card region 2048
 CPUs: 16 total, 16 available
 Memory: 32031M
 Large Page Support: Disabled
 NUMA Support: Disabled
 Compressed Oops: Enabled (32-bit)
 Heap Region Size: 1M
 Heap Min Capacity: 256M
 Heap Initial Capacity: 256M
 Heap Max Capacity: 512M
 Pre-touch: Disabled
 Parallel Workers: 13
 Concurrent Workers: 3
 Concurrent Refinement Workers: 13
 Periodic GC: Disabled
Heap:
 garbage-first heap   total 262144K, used 148800K [0x00000000e0000000, 0x0000000100000000)
  region size 1024K, 110 young (112640K), 11 survivors (11264K)
 Metaspace       used 33947K, committed 35136K, reserved 278528K
  class space    used 4727K, committed 5312K, reserved 212992K
GC Heap History (6 events):
Event: 0,274 GC heap before
{Heap before GC invocations=0 (full 0):
 garbage-first heap   total 264192K, used 26592K [0x00000000e0000000, 0x0000000100000000)
  region size 1024K, 23 young (23552K), 0 survivors (0K)
 Metaspace       used 3384K, committed 3520K, reserved 278528K
  class space    used 403K, committed 448K, reserved 212992K
}
Event: 0,277 GC heap after
{Heap after GC invocations=1 (full 0):
 garbage-first heap   total 264192K, used 9926K [0x00000000e0000000, 0x0000000100000000)
  region size 1024K, 3 young (3072K), 3 survivors (3072K)
 Metaspace       used 3384K, committed 3520K, reserved 278528K
  class space    used 403K, committed 448K, reserved 212992K
}
Event: 0,508 GC heap before
{Heap before GC invocations=1 (full 0):
 garbage-first heap   total 264192K, used 42694K [0x00000000e0000000, 0x0000000100000000)
  region size 1024K, 35 young (35840K), 3 survivors (3072K)
 Metaspace       used 6311K, committed 6528K, reserved 278528K
  class space    used 815K, committed 960K, reserved 212992K
}
Event: 0,512 GC heap after
{Heap after GC invocations=2 (full 0):
 garbage-first heap   total 264192K, used 15422K [0x00000000e0000000, 0x0000000100000000)
  region size 1024K, 5 young (5120K), 5 survivors (5120K)
 Metaspace       used 6311K, committed 6528K, reserved 278528K
  class space    used 815K, committed 960K, reserved 212992K
}
Event: 1,380 GC heap before
{Heap before GC invocations=2 (full 0):
 garbage-first heap   total 264192K, used 87102K [0x00000000e0000000, 0x0000000100000000)
  region size 1024K, 76 young (77824K), 5 survivors (5120K)
 Metaspace       used 20830K, committed 21504K, reserved 278528K
  class space    used 2993K, committed 3328K, reserved 212992K
}
Event: 1,385 GC heap after
{Heap after GC invocations=3 (full 0):
 garbage-first heap   total 264192K, used 20800K [0x00000000e0000000, 0x0000000100000000)
  region size 1024K, 11 young (11264K), 11 survivors (11264K)
 Metaspace       used 20830K, committed 21504K, reserved 278528K
  class space    used 2993K, committed 3328K, reserved 212992K
}

